<?xml version="1.0" encoding="UTF-8" ?>
<testsuite tests="6" failures="0" name="vending.VendingMachineTest" time="0.017" errors="0" skipped="0">
  <properties>
[...]
</properties>
  <testcase classname="vending.VendingMachineTest" name="testReset" time="0.017"/>
  <testcase classname="vending.VendingMachineTest" name="testNotSufficientChangeException" time="0"/>
  <testcase classname="vending.VendingMachineTest" name="testBuyItemWithMorePrice" time="0"/>
  <testcase classname="vending.VendingMachineTest" name="testBuyItemWithExactPrice" time="0"/>
  <testcase classname="vending.VendingMachineTest" name="testRefund" time="0"/>
  <testcase classname="vending.VendingMachineTest" name="testSoldOut" time="0"/>
</testsuite>